# JRE version: OpenJDK Runtime Environment (8.0_152-b01) (build 1.8.0_152-release-1248-b01)
# Java VM: OpenJDK 64-Bit Server VM (25.152-b01 mixed mode bsd-amd64 compressed oops)
Heap:
 PSYoungGen      total 247808K, used 181325K [0x00000007aab00000, 0x00000007c0000000, 0x00000007c0000000)
  eden space 180224K, 65% used [0x00000007aab00000,0x00000007b1e75cd8,0x00000007b5b00000)
  from space 67584K, 93% used [0x00000007bbe00000,0x00000007bfb9dac8,0x00000007c0000000)
  to   space 84480K, 0% used [0x00000007b5b00000,0x00000007b5b00000,0x00000007bad80000)
 ParOldGen       total 305664K, used 206852K [0x0000000780000000, 0x0000000792a80000, 0x00000007aab00000)
  object space 305664K, 67% used [0x0000000780000000,0x000000078ca01040,0x0000000792a80000)
 Metaspace       used 128549K, capacity 133272K, committed 134784K, reserved 1167360K
  class space    used 16010K, capacity 16990K, committed 17280K, reserved 1048576K
GC Heap History (10 events):
Event: 269.796 GC heap before
{Heap before GC invocations=50 (full 6):
 PSYoungGen      total 268288K, used 203764K [0x00000007aab00000, 0x00000007bf900000, 0x00000007c0000000)
  eden space 196096K, 99% used [0x00000007aab00000,0x00000007b6a7dd20,0x00000007b6a80000)
  from space 72192K, 10% used [0x00000007b6a80000,0x00000007b71ff460,0x00000007bb100000)
  to   space 69120K, 0% used [0x00000007bb580000,0x00000007bb580000,0x00000007bf900000)
 ParOldGen       total 305664K, used 145125K [0x0000000780000000, 0x0000000792a80000, 0x00000007aab00000)
  object space 305664K, 47% used [0x0000000780000000,0x0000000788db97f0,0x0000000792a80000)
 Metaspace       used 127593K, capacity 132132K, committed 133760K, reserved 1165312K
  class space    used 15945K, capacity 16926K, committed 17280K, reserved 1048576K
Event: 269.807 GC heap after
Heap after GC invocations=50 (full 6):
 PSYoungGen      total 272896K, used 14948K [0x00000007aab00000, 0x00000007bf500000, 0x00000007c0000000)
  eden space 207872K, 0% used [0x00000007aab00000,0x00000007aab00000,0x00000007b7600000)
  from space 65024K, 22% used [0x00000007bb580000,0x00000007bc419168,0x00000007bf500000)
  to   space 65024K, 0% used [0x00000007b7600000,0x00000007b7600000,0x00000007bb580000)
 ParOldGen       total 305664K, used 149540K [0x0000000780000000, 0x0000000792a80000, 0x00000007aab00000)
  object space 305664K, 48% used [0x0000000780000000,0x0000000789209110,0x0000000792a80000)
 Metaspace       used 127593K, capacity 132132K, committed 133760K, reserved 1165312K
  class space    used 15945K, capacity 16926K, committed 17280K, reserved 1048576K
}
Event: 270.048 GC heap before
{Heap before GC invocations=51 (full 6):
 PSYoungGen      total 272896K, used 222685K [0x00000007aab00000, 0x00000007bf500000, 0x00000007c0000000)
  eden space 207872K, 99% used [0x00000007aab00000,0x00000007b75de3c0,0x00000007b7600000)
  from space 65024K, 22% used [0x00000007bb580000,0x00000007bc419168,0x00000007bf500000)
  to   space 65024K, 0% used [0x00000007b7600000,0x00000007b7600000,0x00000007bb580000)
 ParOldGen       total 305664K, used 149540K [0x0000000780000000, 0x0000000792a80000, 0x00000007aab00000)
  object space 305664K, 48% used [0x0000000780000000,0x0000000789209110,0x0000000792a80000)
 Metaspace       used 127719K, capacity 132328K, committed 134016K, reserved 1165312K
  class space    used 15945K, capacity 16926K, committed 17280K, reserved 1048576K
Event: 270.057 GC heap after
Heap after GC invocations=51 (full 6):
 PSYoungGen      total 272896K, used 2176K [0x00000007aab00000, 0x00000007bfd00000, 0x00000007c0000000)
  eden space 207872K, 0% used [0x00000007aab00000,0x00000007aab00000,0x00000007b7600000)
  from space 65024K, 3% used [0x00000007b7600000,0x00000007b7820050,0x00000007bb580000)
  to   space 63488K, 0% used [0x00000007bbf00000,0x00000007bbf00000,0x00000007bfd00000)
 ParOldGen       total 305664K, used 163738K [0x0000000780000000, 0x0000000792a80000, 0x00000007aab00000)
  object space 305664K, 53% used [0x0000000780000000,0x0000000789fe6880,0x0000000792a80000)
 Metaspace       used 127719K, capacity 132328K, committed 134016K, reserved 1165312K
  class space    used 15945K, capacity 16926K, committed 17280K, reserved 1048576K
}
Event: 270.833 GC heap before
{Heap before GC invocations=52 (full 6):
 PSYoungGen      total 272896K, used 210048K [0x00000007aab00000, 0x00000007bfd00000, 0x00000007c0000000)
  eden space 207872K, 100% used [0x00000007aab00000,0x00000007b7600000,0x00000007b7600000)
  from space 65024K, 3% used [0x00000007b7600000,0x00000007b7820050,0x00000007bb580000)
  to   space 63488K, 0% used [0x00000007bbf00000,0x00000007bbf00000,0x00000007bfd00000)
 ParOldGen       total 305664K, used 163738K [0x0000000780000000, 0x0000000792a80000, 0x00000007aab00000)
  object space 305664K, 53% used [0x0000000780000000,0x0000000789fe6880,0x0000000792a80000)
 Metaspace       used 127800K, capacity 132416K, committed 134016K, reserved 1165312K
  class space    used 15945K, capacity 16926K, committed 17280K, reserved 1048576K
Event: 270.840 GC heap after
Heap after GC invocations=52 (full 6):
 PSYoungGen      total 280576K, used 4576K [0x00000007aab00000, 0x00000007bf980000, 0x00000007c0000000)
  eden space 220672K, 0% used [0x00000007aab00000,0x00000007aab00000,0x00000007b8280000)
  from space 59904K, 7% used [0x00000007bbf00000,0x00000007bc378000,0x00000007bf980000)
  to   space 60928K, 0% used [0x00000007b8280000,0x00000007b8280000,0x00000007bbe00000)
 ParOldGen       total 305664K, used 164512K [0x0000000780000000, 0x0000000792a80000, 0x00000007aab00000)
  object space 305664K, 53% used [0x0000000780000000,0x000000078a0a80b0,0x0000000792a80000)
 Metaspace       used 127800K, capacity 132416K, committed 134016K, reserved 1165312K
  class space    used 15945K, capacity 16926K, committed 17280K, reserved 1048576K
}
Event: 273.152 GC heap before
{Heap before GC invocations=53 (full 6):
 PSYoungGen      total 280576K, used 225248K [0x00000007aab00000, 0x00000007bf980000, 0x00000007c0000000)
  eden space 220672K, 100% used [0x00000007aab00000,0x00000007b8280000,0x00000007b8280000)
  from space 59904K, 7% used [0x00000007bbf00000,0x00000007bc378000,0x00000007bf980000)
  to   space 60928K, 0% used [0x00000007b8280000,0x00000007b8280000,0x00000007bbe00000)
 ParOldGen       total 305664K, used 164512K [0x0000000780000000, 0x0000000792a80000, 0x00000007aab00000)
  object space 305664K, 53% used [0x0000000780000000,0x000000078a0a80b0,0x0000000792a80000)
 Metaspace       used 128306K, capacity 132974K, committed 134528K, reserved 1167360K
  class space    used 16004K, capacity 16987K, committed 17280K, reserved 1048576K
Event: 273.207 GC heap after
Heap after GC invocations=53 (full 6):
 PSYoungGen      total 281600K, used 60915K [0x00000007aab00000, 0x00000007c0000000, 0x00000007c0000000)
  eden space 220672K, 0% used [0x00000007aab00000,0x00000007aab00000,0x00000007b8280000)
  from space 60928K, 99% used [0x00000007b8280000,0x00000007bbdfcff0,0x00000007bbe00000)
  to   space 67584K, 0% used [0x00000007bbe00000,0x00000007bbe00000,0x00000007c0000000)
 ParOldGen       total 305664K, used 168189K [0x0000000780000000, 0x0000000792a80000, 0x00000007aab00000)
  object space 305664K, 55% used [0x0000000780000000,0x000000078a43f750,0x0000000792a80000)
 Metaspace       used 128306K, capacity 132974K, committed 134528K, reserved 1167360K
  class space    used 16004K, capacity 16987K, committed 17280K, reserved 1048576K
}
Event: 275.479 GC heap before
{Heap before GC invocations=54 (full 6):
 PSYoungGen      total 281600K, used 281587K [0x00000007aab00000, 0x00000007c0000000, 0x00000007c0000000)
  eden space 220672K, 100% used [0x00000007aab00000,0x00000007b8280000,0x00000007b8280000)
  from space 60928K, 99% used [0x00000007b8280000,0x00000007bbdfcff0,0x00000007bbe00000)
  to   space 67584K, 0% used [0x00000007bbe00000,0x00000007bbe00000,0x00000007c0000000)
 ParOldGen       total 305664K, used 168189K [0x0000000780000000, 0x0000000792a80000, 0x00000007aab00000)
  object space 305664K, 55% used [0x0000000780000000,0x000000078a43f750,0x0000000792a80000)
 Metaspace       used 128524K, capacity 133208K, committed 134528K, reserved 1167360K
  class space    used 16010K, capacity 16990K, committed 17280K, reserved 1048576K
Event: 275.571 GC heap after
Heap after GC invocations=54 (full 6):
 PSYoungGen      total 247808K, used 63094K [0x00000007aab00000, 0x00000007c0000000, 0x00000007c0000000)
  eden space 180224K, 0% used [0x00000007aab00000,0x00000007aab00000,0x00000007b5b00000)
  from space 67584K, 93% used [0x00000007bbe00000,0x00000007bfb9dac8,0x00000007c0000000)
  to   space 84480K, 0% used [0x00000007b5b00000,0x00000007b5b00000,0x00000007bad80000)
 ParOldGen       total 305664K, used 206852K [0x0000000780000000, 0x0000000792a80000, 0x00000007aab00000)
  object space 305664K, 67% used [0x0000000780000000,0x000000078ca01040,0x0000000792a80000)
 Metaspace       used 128524K, capacity 133208K, committed 134528K, reserved 1167360K
  class space    used 16010K, capacity 16990K, committed 17280K, reserved 1048576K
}

